<?xml version="1.0" encoding="UTF-8"?><testrun name="Runner (1)" project="NewAccount" tests="1" started="1" failures="0" errors="1" ignored="0">
  <testsuite name="runners.Runner" time="0.0">
    <testcase name="initializationError" classname="runners.Runner" time="0.0">
      <error>cucumber.runtime.DuplicateStepDefinitionException: Duplicate step definitions in steps.NewAccountStepDefinations.user_enters_the_username(String) in file:/C:/Users/aliar/eclipse-cucumber/NewAccount/target/test-classes/ and steps.NewAccountStepDefinations.user_enters_the_password(String) in file:/C:/Users/aliar/eclipse-cucumber/NewAccount/target/test-classes/&#13;
	at cucumber.runtime.RuntimeGlue.addStepDefinition(RuntimeGlue.java:33)&#13;
	at cucumber.runtime.java.JavaBackend.addStepDefinition(JavaBackend.java:151)&#13;
	at cucumber.runtime.java.MethodScanner.scan(MethodScanner.java:68)&#13;
	at cucumber.runtime.java.MethodScanner.scan(MethodScanner.java:41)&#13;
	at cucumber.runtime.java.JavaBackend.loadGlue(JavaBackend.java:86)&#13;
	at cucumber.runtime.Runtime.&lt;init&gt;(Runtime.java:92)&#13;
	at cucumber.runtime.Runtime.&lt;init&gt;(Runtime.java:70)&#13;
	at cucumber.runtime.Runtime.&lt;init&gt;(Runtime.java:66)&#13;
	at cucumber.api.junit.Cucumber.createRuntime(Cucumber.java:80)&#13;
	at cucumber.api.junit.Cucumber.&lt;init&gt;(Cucumber.java:59)&#13;
	at sun.reflect.NativeConstructorAccessorImpl.newInstance0(Native Method)&#13;
	at sun.reflect.NativeConstructorAccessorImpl.newInstance(NativeConstructorAccessorImpl.java:62)&#13;
	at sun.reflect.DelegatingConstructorAccessorImpl.newInstance(DelegatingConstructorAccessorImpl.java:45)&#13;
	at java.lang.reflect.Constructor.newInstance(Constructor.java:423)&#13;
	at org.junit.internal.builders.AnnotatedBuilder.buildRunner(AnnotatedBuilder.java:104)&#13;
	at org.junit.internal.builders.AnnotatedBuilder.runnerForClass(AnnotatedBuilder.java:86)&#13;
	at org.junit.runners.model.RunnerBuilder.safeRunnerForClass(RunnerBuilder.java:59)&#13;
	at org.junit.internal.builders.AllDefaultPossibilitiesBuilder.runnerForClass(AllDefaultPossibilitiesBuilder.java:26)&#13;
	at org.junit.runners.model.RunnerBuilder.safeRunnerForClass(RunnerBuilder.java:59)&#13;
	at org.junit.internal.requests.ClassRequest.getRunner(ClassRequest.java:33)&#13;
	at org.eclipse.jdt.internal.junit4.runner.JUnit4TestLoader.createUnfilteredTest(JUnit4TestLoader.java:90)&#13;
	at org.eclipse.jdt.internal.junit4.runner.JUnit4TestLoader.createTest(JUnit4TestLoader.java:76)&#13;
	at org.eclipse.jdt.internal.junit4.runner.JUnit4TestLoader.loadTests(JUnit4TestLoader.java:49)&#13;
	at org.eclipse.jdt.internal.junit.runner.RemoteTestRunner.runTests(RemoteTestRunner.java:525)&#13;
	at org.eclipse.jdt.internal.junit.runner.RemoteTestRunner.runTests(RemoteTestRunner.java:763)&#13;
	at org.eclipse.jdt.internal.junit.runner.RemoteTestRunner.run(RemoteTestRunner.java:463)&#13;
	at org.eclipse.jdt.internal.junit.runner.RemoteTestRunner.main(RemoteTestRunner.java:209)&#13;
&#13;
</error>
    </testcase>
  </testsuite>
</testrun>
